\BOOKMARK [1][-]{toc.1}{Table of contents}{}% 1
\BOOKMARK [0][-]{chapter.1}{1 Overview}{}% 2
\BOOKMARK [1][-]{section.1.1}{1.1 Hardware}{chapter.1}% 3
\BOOKMARK [2][-]{subsection.1.1.1}{1.1.1 Motors and controllers}{section.1.1}% 4
\BOOKMARK [2][-]{subsection.1.1.2}{1.1.2 Arduino board}{section.1.1}% 5
\BOOKMARK [2][-]{subsection.1.1.3}{1.1.3 Linux-Board}{section.1.1}% 6
\BOOKMARK [2][-]{subsection.1.1.4}{1.1.4 Laserscanner}{section.1.1}% 7
\BOOKMARK [2][-]{subsection.1.1.5}{1.1.5 Inertial measurement unit \(IMU\)}{section.1.1}% 8
\BOOKMARK [1][-]{section.1.2}{1.2 Software}{chapter.1}% 9
\BOOKMARK [0][-]{chapter.2}{2 The TAS-package}{}% 10
\BOOKMARK [1][-]{section.2.1}{2.1 Installing the TAS-package}{chapter.2}% 11
\BOOKMARK [1][-]{section.2.2}{2.2 Hardware drivers}{chapter.2}% 12
\BOOKMARK [2][-]{subsection.2.2.1}{2.2.1 wiimote}{section.2.2}% 13
\BOOKMARK [2][-]{subsection.2.2.2}{2.2.2 wii\137control}{section.2.2}% 14
\BOOKMARK [2][-]{subsection.2.2.3}{2.2.3 rosserial\137python}{section.2.2}% 15
\BOOKMARK [2][-]{subsection.2.2.4}{2.2.4 hokuyo\137node}{section.2.2}% 16
\BOOKMARK [2][-]{subsection.2.2.5}{2.2.5 xsens\137driver}{section.2.2}% 17
\BOOKMARK [1][-]{section.2.3}{2.3 TAS-Odometry}{chapter.2}% 18
\BOOKMARK [2][-]{subsection.2.3.1}{2.3.1 hector\137mapping}{section.2.3}% 19
\BOOKMARK [2][-]{subsection.2.3.2}{2.3.2 tas\137odom}{section.2.3}% 20
\BOOKMARK [1][-]{section.2.4}{2.4 Transformations}{chapter.2}% 21
\BOOKMARK [1][-]{section.2.5}{2.5 Navigation}{chapter.2}% 22
\BOOKMARK [2][-]{subsection.2.5.1}{2.5.1 map\137server}{section.2.5}% 23
\BOOKMARK [2][-]{subsection.2.5.2}{2.5.2 amcl}{section.2.5}% 24
\BOOKMARK [2][-]{subsection.2.5.3}{2.5.3 move\137base}{section.2.5}% 25
\BOOKMARK [2][-]{subsection.2.5.4}{2.5.4 tas\137autonomous\137control}{section.2.5}% 26
\BOOKMARK [0][-]{chapter.3}{3 Additional topics}{}% 27
\BOOKMARK [1][-]{section.3.1}{3.1 Shell scripts}{chapter.3}% 28
\BOOKMARK [1][-]{section.3.2}{3.2 External RVIZ}{chapter.3}% 29
\BOOKMARK [1][-]{section.3.3}{3.3 VNC}{chapter.3}% 30
\BOOKMARK [1][-]{section.3.4}{3.4 Recording and playing data}{chapter.3}% 31
\BOOKMARK [1][-]{section.3.5}{3.5 Integrated Development Environments \(IDE's\)}{chapter.3}% 32
\BOOKMARK [1][-]{section.3.6}{3.6 Version control with git}{chapter.3}% 33
\BOOKMARK [1][-]{section.3.7}{3.7 Arduino code}{chapter.3}% 34
\BOOKMARK [1][-]{section.3.8}{3.8 Switching remote controller}{chapter.3}% 35
\BOOKMARK [0][-]{appendix*.15}{Bibliography}{}% 36
\BOOKMARK [0][-]{tod.0}{Zu erledigen:}{}% 37
